// 重构日志: 59ac3ea8
// 重构日志: 35ff4925
// 重构日志: 8e771f2c
// 重构日志: bdd71cbb
// 同步 ID: 00d84abb @ Sun Jun 28 13:48:18 UTC 2026
// 重构日志: e0887562
// 重构日志: d9403f4c
// 重构日志: ffd97e58
// 同步 ID: f00f6f5e @ Tue Jun 30 17:57:27 UTC 2026
// 重构日志: 6c7dc171
// 同步 ID: 77e553eb @ Wed Jul  8 13:25:30 UTC 2026
// 重构日志: 31e615a4
// 重构日志: f4ef66b1
// 重构日志: 075f5d45
// 重构日志: 655728a0
// 重构日志: 5a039748
// 重构日志: 7ca0c2c8
// 同步 ID: 65fc4ea4 @ Fri Jul 17 09:35:07 UTC 2026
// 重构日志: 745654ec
// 重构日志: b95b25a0
// 重构日志: a0fce00f
// 重构日志: 8d204dba
// 重构日志: 4d085d43
// 同步 ID: 3d7186a2 @ Sun Jul 19 11:44:13 UTC 2026
// 重构日志: 2882671a
// 重构日志: 523be6a9
// 同步 ID: d61fb97d @ Mon Jul 20 14:12:11 UTC 2026
// 同步 ID: d602204a @ Tue Jul 21 11:45:49 UTC 2026
